{"F:\\projects\\anko-corp\\JS-Customer-Library\\src\\Address.js": {"path":"F:\\projects\\anko-corp\\JS-Customer-Library\\src\\Address.js","statementMap":{"0":{"start":{"line":11,"column":4},"end":{"line":11,"column":37}},"1":{"start":{"line":12,"column":4},"end":{"line":12,"column":37}},"2":{"start":{"line":13,"column":4},"end":{"line":13,"column":35}},"3":{"start":{"line":14,"column":4},"end":{"line":14,"column":21}},"4":{"start":{"line":15,"column":4},"end":{"line":15,"column":33}},"5":{"start":{"line":16,"column":4},"end":{"line":16,"column":23}},"6":{"start":{"line":17,"column":4},"end":{"line":17,"column":27}},"7":{"start":{"line":21,"column":0},"end":{"line":23,"column":1}}},"fnMap":{"0":{"name":"(anonymous_0)","decl":{"start":{"line":2,"column":2},"end":{"line":2,"column":3}},"loc":{"start":{"line":10,"column":4},"end":{"line":18,"column":3}},"line":10}},"branchMap":{},"s":{"0":10,"1":10,"2":10,"3":10,"4":10,"5":10,"6":10,"7":4},"f":{"0":10},"b":{},"_coverageSchema":"1a1c01bbd47fc00a2c39e90264f33305004495a9","hash":"f81abfb59e7a1aeec5160444053be1a47417358b"}
,"F:\\projects\\anko-corp\\JS-Customer-Library\\src\\AddressValidator.js": {"path":"F:\\projects\\anko-corp\\JS-Customer-Library\\src\\AddressValidator.js","statementMap":{"0":{"start":{"line":1,"column":18},"end":{"line":1,"column":38}},"1":{"start":{"line":7,"column":20},"end":{"line":7,"column":22}},"2":{"start":{"line":9,"column":4},"end":{"line":11,"column":5}},"3":{"start":{"line":10,"column":6},"end":{"line":10,"column":16}},"4":{"start":{"line":13,"column":23},"end":{"line":13,"column":58}},"5":{"start":{"line":15,"column":4},"end":{"line":81,"column":5}},"6":{"start":{"line":16,"column":6},"end":{"line":80,"column":9}},"7":{"start":{"line":17,"column":8},"end":{"line":79,"column":9}},"8":{"start":{"line":19,"column":12},"end":{"line":25,"column":13}},"9":{"start":{"line":20,"column":14},"end":{"line":20,"column":52}},"10":{"start":{"line":22,"column":14},"end":{"line":24,"column":15}},"11":{"start":{"line":23,"column":16},"end":{"line":23,"column":54}},"12":{"start":{"line":26,"column":12},"end":{"line":26,"column":18}},"13":{"start":{"line":29,"column":12},"end":{"line":31,"column":13}},"14":{"start":{"line":30,"column":14},"end":{"line":30,"column":51}},"15":{"start":{"line":32,"column":12},"end":{"line":32,"column":18}},"16":{"start":{"line":35,"column":12},"end":{"line":37,"column":13}},"17":{"start":{"line":36,"column":14},"end":{"line":36,"column":63}},"18":{"start":{"line":38,"column":12},"end":{"line":38,"column":18}},"19":{"start":{"line":41,"column":12},"end":{"line":47,"column":13}},"20":{"start":{"line":42,"column":14},"end":{"line":42,"column":52}},"21":{"start":{"line":44,"column":14},"end":{"line":46,"column":15}},"22":{"start":{"line":45,"column":16},"end":{"line":45,"column":53}},"23":{"start":{"line":48,"column":12},"end":{"line":48,"column":18}},"24":{"start":{"line":51,"column":12},"end":{"line":57,"column":13}},"25":{"start":{"line":52,"column":14},"end":{"line":52,"column":52}},"26":{"start":{"line":54,"column":14},"end":{"line":56,"column":15}},"27":{"start":{"line":55,"column":16},"end":{"line":55,"column":52}},"28":{"start":{"line":58,"column":12},"end":{"line":58,"column":18}},"29":{"start":{"line":61,"column":12},"end":{"line":67,"column":13}},"30":{"start":{"line":62,"column":14},"end":{"line":62,"column":52}},"31":{"start":{"line":64,"column":14},"end":{"line":66,"column":15}},"32":{"start":{"line":65,"column":16},"end":{"line":65,"column":53}},"33":{"start":{"line":68,"column":12},"end":{"line":68,"column":18}},"34":{"start":{"line":71,"column":12},"end":{"line":77,"column":13}},"35":{"start":{"line":72,"column":14},"end":{"line":72,"column":52}},"36":{"start":{"line":74,"column":14},"end":{"line":76,"column":15}},"37":{"start":{"line":75,"column":16},"end":{"line":75,"column":69}},"38":{"start":{"line":78,"column":12},"end":{"line":78,"column":18}},"39":{"start":{"line":82,"column":4},"end":{"line":82,"column":19}},"40":{"start":{"line":86,"column":0},"end":{"line":88,"column":1}}},"fnMap":{"0":{"name":"(anonymous_0)","decl":{"start":{"line":5,"column":2},"end":{"line":5,"column":3}},"loc":{"start":{"line":5,"column":21},"end":{"line":83,"column":3}},"line":5},"1":{"name":"(anonymous_1)","decl":{"start":{"line":16,"column":25},"end":{"line":16,"column":26}},"loc":{"start":{"line":16,"column":37},"end":{"line":80,"column":7}},"line":16}},"branchMap":{"0":{"loc":{"start":{"line":9,"column":4},"end":{"line":11,"column":5}},"type":"if","locations":[{"start":{"line":9,"column":4},"end":{"line":11,"column":5}},{"start":{"line":9,"column":4},"end":{"line":11,"column":5}}],"line":9},"1":{"loc":{"start":{"line":15,"column":4},"end":{"line":81,"column":5}},"type":"if","locations":[{"start":{"line":15,"column":4},"end":{"line":81,"column":5}},{"start":{"line":15,"column":4},"end":{"line":81,"column":5}}],"line":15},"2":{"loc":{"start":{"line":17,"column":8},"end":{"line":79,"column":9}},"type":"switch","locations":[{"start":{"line":18,"column":10},"end":{"line":26,"column":18}},{"start":{"line":28,"column":10},"end":{"line":32,"column":18}},{"start":{"line":34,"column":10},"end":{"line":38,"column":18}},{"start":{"line":40,"column":10},"end":{"line":48,"column":18}},{"start":{"line":50,"column":10},"end":{"line":58,"column":18}},{"start":{"line":60,"column":10},"end":{"line":68,"column":18}},{"start":{"line":70,"column":10},"end":{"line":78,"column":18}}],"line":17},"3":{"loc":{"start":{"line":19,"column":12},"end":{"line":25,"column":13}},"type":"if","locations":[{"start":{"line":19,"column":12},"end":{"line":25,"column":13}},{"start":{"line":19,"column":12},"end":{"line":25,"column":13}}],"line":19},"4":{"loc":{"start":{"line":22,"column":14},"end":{"line":24,"column":15}},"type":"if","locations":[{"start":{"line":22,"column":14},"end":{"line":24,"column":15}},{"start":{"line":22,"column":14},"end":{"line":24,"column":15}}],"line":22},"5":{"loc":{"start":{"line":29,"column":12},"end":{"line":31,"column":13}},"type":"if","locations":[{"start":{"line":29,"column":12},"end":{"line":31,"column":13}},{"start":{"line":29,"column":12},"end":{"line":31,"column":13}}],"line":29},"6":{"loc":{"start":{"line":29,"column":16},"end":{"line":29,"column":73}},"type":"binary-expr","locations":[{"start":{"line":29,"column":16},"end":{"line":29,"column":36}},{"start":{"line":29,"column":40},"end":{"line":29,"column":73}}],"line":29},"7":{"loc":{"start":{"line":35,"column":12},"end":{"line":37,"column":13}},"type":"if","locations":[{"start":{"line":35,"column":12},"end":{"line":37,"column":13}},{"start":{"line":35,"column":12},"end":{"line":37,"column":13}}],"line":35},"8":{"loc":{"start":{"line":35,"column":16},"end":{"line":35,"column":98}},"type":"binary-expr","locations":[{"start":{"line":35,"column":16},"end":{"line":35,"column":35}},{"start":{"line":35,"column":40},"end":{"line":35,"column":97}}],"line":35},"9":{"loc":{"start":{"line":35,"column":42},"end":{"line":35,"column":96}},"type":"binary-expr","locations":[{"start":{"line":35,"column":42},"end":{"line":35,"column":67}},{"start":{"line":35,"column":71},"end":{"line":35,"column":96}}],"line":35},"10":{"loc":{"start":{"line":41,"column":12},"end":{"line":47,"column":13}},"type":"if","locations":[{"start":{"line":41,"column":12},"end":{"line":47,"column":13}},{"start":{"line":41,"column":12},"end":{"line":47,"column":13}}],"line":41},"11":{"loc":{"start":{"line":44,"column":14},"end":{"line":46,"column":15}},"type":"if","locations":[{"start":{"line":44,"column":14},"end":{"line":46,"column":15}},{"start":{"line":44,"column":14},"end":{"line":46,"column":15}}],"line":44},"12":{"loc":{"start":{"line":51,"column":12},"end":{"line":57,"column":13}},"type":"if","locations":[{"start":{"line":51,"column":12},"end":{"line":57,"column":13}},{"start":{"line":51,"column":12},"end":{"line":57,"column":13}}],"line":51},"13":{"loc":{"start":{"line":54,"column":14},"end":{"line":56,"column":15}},"type":"if","locations":[{"start":{"line":54,"column":14},"end":{"line":56,"column":15}},{"start":{"line":54,"column":14},"end":{"line":56,"column":15}}],"line":54},"14":{"loc":{"start":{"line":61,"column":12},"end":{"line":67,"column":13}},"type":"if","locations":[{"start":{"line":61,"column":12},"end":{"line":67,"column":13}},{"start":{"line":61,"column":12},"end":{"line":67,"column":13}}],"line":61},"15":{"loc":{"start":{"line":64,"column":14},"end":{"line":66,"column":15}},"type":"if","locations":[{"start":{"line":64,"column":14},"end":{"line":66,"column":15}},{"start":{"line":64,"column":14},"end":{"line":66,"column":15}}],"line":64},"16":{"loc":{"start":{"line":71,"column":12},"end":{"line":77,"column":13}},"type":"if","locations":[{"start":{"line":71,"column":12},"end":{"line":77,"column":13}},{"start":{"line":71,"column":12},"end":{"line":77,"column":13}}],"line":71},"17":{"loc":{"start":{"line":74,"column":14},"end":{"line":76,"column":15}},"type":"if","locations":[{"start":{"line":74,"column":14},"end":{"line":76,"column":15}},{"start":{"line":74,"column":14},"end":{"line":76,"column":15}}],"line":74},"18":{"loc":{"start":{"line":74,"column":20},"end":{"line":74,"column":87}},"type":"binary-expr","locations":[{"start":{"line":74,"column":20},"end":{"line":74,"column":55}},{"start":{"line":74,"column":59},"end":{"line":74,"column":87}}],"line":74}},"s":{"0":1,"1":5,"2":5,"3":1,"4":4,"5":4,"6":4,"7":28,"8":4,"9":2,"10":2,"11":1,"12":4,"13":4,"14":1,"15":4,"16":4,"17":1,"18":4,"19":4,"20":2,"21":2,"22":1,"23":4,"24":4,"25":2,"26":2,"27":1,"28":4,"29":4,"30":2,"31":2,"32":1,"33":4,"34":4,"35":2,"36":2,"37":1,"38":4,"39":4,"40":1},"f":{"0":5,"1":28},"b":{"0":[1,4],"1":[4,0],"2":[4,4,4,4,4,4,4],"3":[2,2],"4":[1,1],"5":[1,3],"6":[4,2],"7":[1,3],"8":[4,2],"9":[2,1],"10":[2,2],"11":[1,1],"12":[2,2],"13":[1,1],"14":[2,2],"15":[1,1],"16":[2,2],"17":[1,1],"18":[2,1]},"_coverageSchema":"1a1c01bbd47fc00a2c39e90264f33305004495a9","hash":"8021fb7f16aa7fa73fb539cc3a30dedfc8071baa"}
,"F:\\projects\\anko-corp\\JS-Customer-Library\\src\\Customer.js": {"path":"F:\\projects\\anko-corp\\JS-Customer-Library\\src\\Customer.js","statementMap":{"0":{"start":{"line":1,"column":17},"end":{"line":1,"column":36}},"1":{"start":{"line":13,"column":4},"end":{"line":16,"column":23}},"2":{"start":{"line":17,"column":4},"end":{"line":19,"column":44}},"3":{"start":{"line":22,"column":0},"end":{"line":24,"column":1}}},"fnMap":{"0":{"name":"(anonymous_0)","decl":{"start":{"line":4,"column":0},"end":{"line":4,"column":1}},"loc":{"start":{"line":12,"column":20},"end":{"line":20,"column":3}},"line":12}},"branchMap":{},"s":{"0":2,"1":5,"2":5,"3":2},"f":{"0":5},"b":{},"_coverageSchema":"1a1c01bbd47fc00a2c39e90264f33305004495a9","hash":"2530ca95db8cdc7a9c02df2908856011e1470f11"}
,"F:\\projects\\anko-corp\\JS-Customer-Library\\src\\CustomerValidator.js": {"path":"F:\\projects\\anko-corp\\JS-Customer-Library\\src\\CustomerValidator.js","statementMap":{"0":{"start":{"line":1,"column":10},"end":{"line":1,"column":27}},"1":{"start":{"line":7,"column":20},"end":{"line":7,"column":22}},"2":{"start":{"line":9,"column":4},"end":{"line":9,"column":29}},"3":{"start":{"line":9,"column":19},"end":{"line":9,"column":29}},"4":{"start":{"line":11,"column":23},"end":{"line":11,"column":59}},"5":{"start":{"line":13,"column":4},"end":{"line":92,"column":5}},"6":{"start":{"line":15,"column":6},"end":{"line":91,"column":8}},"7":{"start":{"line":17,"column":8},"end":{"line":90,"column":9}},"8":{"start":{"line":19,"column":12},"end":{"line":22,"column":13}},"9":{"start":{"line":20,"column":14},"end":{"line":21,"column":52}},"10":{"start":{"line":23,"column":12},"end":{"line":23,"column":18}},"11":{"start":{"line":26,"column":12},"end":{"line":34,"column":13}},"12":{"start":{"line":27,"column":14},"end":{"line":28,"column":42}},"13":{"start":{"line":30,"column":14},"end":{"line":33,"column":15}},"14":{"start":{"line":31,"column":16},"end":{"line":32,"column":53}},"15":{"start":{"line":35,"column":12},"end":{"line":35,"column":18}},"16":{"start":{"line":38,"column":12},"end":{"line":44,"column":15}},"17":{"start":{"line":39,"column":14},"end":{"line":39,"column":78}},"18":{"start":{"line":41,"column":16},"end":{"line":43,"column":17}},"19":{"start":{"line":42,"column":18},"end":{"line":42,"column":82}},"20":{"start":{"line":45,"column":12},"end":{"line":45,"column":18}},"21":{"start":{"line":48,"column":12},"end":{"line":55,"column":13}},"22":{"start":{"line":49,"column":14},"end":{"line":54,"column":15}},"23":{"start":{"line":53,"column":16},"end":{"line":53,"column":112}},"24":{"start":{"line":56,"column":12},"end":{"line":56,"column":18}},"25":{"start":{"line":59,"column":12},"end":{"line":63,"column":13}},"26":{"start":{"line":60,"column":14},"end":{"line":62,"column":15}},"27":{"start":{"line":61,"column":18},"end":{"line":61,"column":101}},"28":{"start":{"line":64,"column":12},"end":{"line":64,"column":18}},"29":{"start":{"line":67,"column":12},"end":{"line":73,"column":13}},"30":{"start":{"line":68,"column":14},"end":{"line":68,"column":75}},"31":{"start":{"line":70,"column":16},"end":{"line":72,"column":17}},"32":{"start":{"line":71,"column":18},"end":{"line":71,"column":79}},"33":{"start":{"line":74,"column":12},"end":{"line":74,"column":18}},"34":{"start":{"line":77,"column":12},"end":{"line":81,"column":13}},"35":{"start":{"line":78,"column":14},"end":{"line":80,"column":15}},"36":{"start":{"line":79,"column":16},"end":{"line":79,"column":126}},"37":{"start":{"line":82,"column":12},"end":{"line":82,"column":18}},"38":{"start":{"line":85,"column":12},"end":{"line":88,"column":13}},"39":{"start":{"line":86,"column":14},"end":{"line":87,"column":69}},"40":{"start":{"line":89,"column":12},"end":{"line":89,"column":18}},"41":{"start":{"line":93,"column":4},"end":{"line":93,"column":19}},"42":{"start":{"line":97,"column":0},"end":{"line":99,"column":1}}},"fnMap":{"0":{"name":"(anonymous_0)","decl":{"start":{"line":5,"column":2},"end":{"line":5,"column":3}},"loc":{"start":{"line":5,"column":20},"end":{"line":94,"column":3}},"line":5},"1":{"name":"(anonymous_1)","decl":{"start":{"line":15,"column":25},"end":{"line":15,"column":26}},"loc":{"start":{"line":15,"column":37},"end":{"line":91,"column":7}},"line":15}},"branchMap":{"0":{"loc":{"start":{"line":9,"column":4},"end":{"line":9,"column":29}},"type":"if","locations":[{"start":{"line":9,"column":4},"end":{"line":9,"column":29}},{"start":{"line":9,"column":4},"end":{"line":9,"column":29}}],"line":9},"1":{"loc":{"start":{"line":13,"column":4},"end":{"line":92,"column":5}},"type":"if","locations":[{"start":{"line":13,"column":4},"end":{"line":92,"column":5}},{"start":{"line":13,"column":4},"end":{"line":92,"column":5}}],"line":13},"2":{"loc":{"start":{"line":17,"column":8},"end":{"line":90,"column":9}},"type":"switch","locations":[{"start":{"line":18,"column":10},"end":{"line":23,"column":18}},{"start":{"line":25,"column":10},"end":{"line":35,"column":18}},{"start":{"line":37,"column":10},"end":{"line":45,"column":18}},{"start":{"line":47,"column":10},"end":{"line":56,"column":18}},{"start":{"line":58,"column":10},"end":{"line":64,"column":18}},{"start":{"line":66,"column":10},"end":{"line":74,"column":18}},{"start":{"line":76,"column":10},"end":{"line":82,"column":18}},{"start":{"line":84,"column":10},"end":{"line":89,"column":18}}],"line":17},"3":{"loc":{"start":{"line":19,"column":12},"end":{"line":22,"column":13}},"type":"if","locations":[{"start":{"line":19,"column":12},"end":{"line":22,"column":13}},{"start":{"line":19,"column":12},"end":{"line":22,"column":13}}],"line":19},"4":{"loc":{"start":{"line":19,"column":16},"end":{"line":19,"column":68}},"type":"binary-expr","locations":[{"start":{"line":19,"column":16},"end":{"line":19,"column":34}},{"start":{"line":19,"column":38},"end":{"line":19,"column":68}}],"line":19},"5":{"loc":{"start":{"line":26,"column":12},"end":{"line":34,"column":13}},"type":"if","locations":[{"start":{"line":26,"column":12},"end":{"line":34,"column":13}},{"start":{"line":26,"column":12},"end":{"line":34,"column":13}}],"line":26},"6":{"loc":{"start":{"line":30,"column":14},"end":{"line":33,"column":15}},"type":"if","locations":[{"start":{"line":30,"column":14},"end":{"line":33,"column":15}},{"start":{"line":30,"column":14},"end":{"line":33,"column":15}}],"line":30},"7":{"loc":{"start":{"line":38,"column":12},"end":{"line":44,"column":15}},"type":"if","locations":[{"start":{"line":38,"column":12},"end":{"line":44,"column":15}},{"start":{"line":38,"column":12},"end":{"line":44,"column":15}}],"line":38},"8":{"loc":{"start":{"line":41,"column":16},"end":{"line":43,"column":17}},"type":"if","locations":[{"start":{"line":41,"column":16},"end":{"line":43,"column":17}},{"start":{"line":41,"column":16},"end":{"line":43,"column":17}}],"line":41},"9":{"loc":{"start":{"line":48,"column":12},"end":{"line":55,"column":13}},"type":"if","locations":[{"start":{"line":48,"column":12},"end":{"line":55,"column":13}},{"start":{"line":48,"column":12},"end":{"line":55,"column":13}}],"line":48},"10":{"loc":{"start":{"line":49,"column":14},"end":{"line":54,"column":15}},"type":"if","locations":[{"start":{"line":49,"column":14},"end":{"line":54,"column":15}},{"start":{"line":49,"column":14},"end":{"line":54,"column":15}}],"line":49},"11":{"loc":{"start":{"line":59,"column":12},"end":{"line":63,"column":13}},"type":"if","locations":[{"start":{"line":59,"column":12},"end":{"line":63,"column":13}},{"start":{"line":59,"column":12},"end":{"line":63,"column":13}}],"line":59},"12":{"loc":{"start":{"line":60,"column":14},"end":{"line":62,"column":15}},"type":"if","locations":[{"start":{"line":60,"column":14},"end":{"line":62,"column":15}},{"start":{"line":60,"column":14},"end":{"line":62,"column":15}}],"line":60},"13":{"loc":{"start":{"line":67,"column":12},"end":{"line":73,"column":13}},"type":"if","locations":[{"start":{"line":67,"column":12},"end":{"line":73,"column":13}},{"start":{"line":67,"column":12},"end":{"line":73,"column":13}}],"line":67},"14":{"loc":{"start":{"line":70,"column":16},"end":{"line":72,"column":17}},"type":"if","locations":[{"start":{"line":70,"column":16},"end":{"line":72,"column":17}},{"start":{"line":70,"column":16},"end":{"line":72,"column":17}}],"line":70},"15":{"loc":{"start":{"line":77,"column":12},"end":{"line":81,"column":13}},"type":"if","locations":[{"start":{"line":77,"column":12},"end":{"line":81,"column":13}},{"start":{"line":77,"column":12},"end":{"line":81,"column":13}}],"line":77},"16":{"loc":{"start":{"line":78,"column":14},"end":{"line":80,"column":15}},"type":"if","locations":[{"start":{"line":78,"column":14},"end":{"line":80,"column":15}},{"start":{"line":78,"column":14},"end":{"line":80,"column":15}}],"line":78},"17":{"loc":{"start":{"line":85,"column":12},"end":{"line":88,"column":13}},"type":"if","locations":[{"start":{"line":85,"column":12},"end":{"line":88,"column":13}},{"start":{"line":85,"column":12},"end":{"line":88,"column":13}}],"line":85}},"s":{"0":1,"1":4,"2":4,"3":1,"4":3,"5":3,"6":3,"7":24,"8":3,"9":1,"10":3,"11":3,"12":1,"13":2,"14":1,"15":3,"16":3,"17":1,"18":2,"19":1,"20":3,"21":3,"22":2,"23":1,"24":3,"25":3,"26":2,"27":1,"28":3,"29":3,"30":1,"31":2,"32":1,"33":3,"34":3,"35":1,"36":1,"37":3,"38":3,"39":1,"40":3,"41":3,"42":1},"f":{"0":4,"1":24},"b":{"0":[1,3],"1":[3,0],"2":[3,3,3,3,3,3,3,3],"3":[1,2],"4":[3,2],"5":[1,2],"6":[1,1],"7":[1,2],"8":[1,1],"9":[2,1],"10":[1,1],"11":[2,1],"12":[1,1],"13":[1,2],"14":[1,1],"15":[1,2],"16":[1,0],"17":[1,2]},"_coverageSchema":"1a1c01bbd47fc00a2c39e90264f33305004495a9","hash":"9fa5d54881325d10711d0fa1d4ed736aab44fc51"}
,"F:\\projects\\anko-corp\\JS-Customer-Library\\src\\Person.js": {"path":"F:\\projects\\anko-corp\\JS-Customer-Library\\src\\Person.js","statementMap":{"0":{"start":{"line":3,"column":4},"end":{"line":3,"column":31}},"1":{"start":{"line":4,"column":4},"end":{"line":4,"column":29}},"2":{"start":{"line":7,"column":0},"end":{"line":9,"column":1}}},"fnMap":{"0":{"name":"(anonymous_0)","decl":{"start":{"line":2,"column":2},"end":{"line":2,"column":3}},"loc":{"start":{"line":2,"column":36},"end":{"line":5,"column":3}},"line":2}},"branchMap":{},"s":{"0":7,"1":7,"2":3},"f":{"0":7},"b":{},"_coverageSchema":"1a1c01bbd47fc00a2c39e90264f33305004495a9","hash":"b49e496b37967d3adac1bc58b2edca3bb1be85a8"}
}
