TN:
SF:src\Address.js
FN:2,(anonymous_0)
FNF:1
FNH:1
FNDA:10,(anonymous_0)
DA:11,10
DA:12,10
DA:13,10
DA:14,10
DA:15,10
DA:16,10
DA:17,10
DA:21,4
LF:8
LH:8
BRF:0
BRH:0
end_of_record
TN:
SF:src\AddressValidator.js
FN:5,(anonymous_0)
FN:16,(anonymous_1)
FNF:2
FNH:2
FNDA:5,(anonymous_0)
FNDA:28,(anonymous_1)
DA:1,1
DA:7,5
DA:9,5
DA:10,1
DA:13,4
DA:15,4
DA:16,4
DA:17,28
DA:19,4
DA:20,2
DA:22,2
DA:23,1
DA:26,4
DA:29,4
DA:30,1
DA:32,4
DA:35,4
DA:36,1
DA:38,4
DA:41,4
DA:42,2
DA:44,2
DA:45,1
DA:48,4
DA:51,4
DA:52,2
DA:54,2
DA:55,1
DA:58,4
DA:61,4
DA:62,2
DA:64,2
DA:65,1
DA:68,4
DA:71,4
DA:72,2
DA:74,2
DA:75,1
DA:78,4
DA:82,4
DA:86,1
LF:41
LH:41
BRDA:9,0,0,1
BRDA:9,0,1,4
BRDA:15,1,0,4
BRDA:15,1,1,0
BRDA:17,2,0,4
BRDA:17,2,1,4
BRDA:17,2,2,4
BRDA:17,2,3,4
BRDA:17,2,4,4
BRDA:17,2,5,4
BRDA:17,2,6,4
BRDA:19,3,0,2
BRDA:19,3,1,2
BRDA:22,4,0,1
BRDA:22,4,1,1
BRDA:29,5,0,1
BRDA:29,5,1,3
BRDA:29,6,0,4
BRDA:29,6,1,2
BRDA:35,7,0,1
BRDA:35,7,1,3
BRDA:35,8,0,4
BRDA:35,8,1,2
BRDA:35,9,0,2
BRDA:35,9,1,1
BRDA:41,10,0,2
BRDA:41,10,1,2
BRDA:44,11,0,1
BRDA:44,11,1,1
BRDA:51,12,0,2
BRDA:51,12,1,2
BRDA:54,13,0,1
BRDA:54,13,1,1
BRDA:61,14,0,2
BRDA:61,14,1,2
BRDA:64,15,0,1
BRDA:64,15,1,1
BRDA:71,16,0,2
BRDA:71,16,1,2
BRDA:74,17,0,1
BRDA:74,17,1,1
BRDA:74,18,0,2
BRDA:74,18,1,1
BRF:43
BRH:42
end_of_record
TN:
SF:src\Customer.js
FN:4,(anonymous_0)
FNF:1
FNH:1
FNDA:5,(anonymous_0)
DA:1,2
DA:13,5
DA:17,5
DA:22,2
LF:4
LH:4
BRF:0
BRH:0
end_of_record
TN:
SF:src\CustomerValidator.js
FN:5,(anonymous_0)
FN:15,(anonymous_1)
FNF:2
FNH:2
FNDA:4,(anonymous_0)
FNDA:24,(anonymous_1)
DA:1,1
DA:7,4
DA:9,4
DA:11,3
DA:13,3
DA:15,3
DA:17,24
DA:19,3
DA:20,1
DA:23,3
DA:26,3
DA:27,1
DA:30,2
DA:31,1
DA:35,3
DA:38,3
DA:39,1
DA:41,2
DA:42,1
DA:45,3
DA:48,3
DA:49,2
DA:53,1
DA:56,3
DA:59,3
DA:60,2
DA:61,1
DA:64,3
DA:67,3
DA:68,1
DA:70,2
DA:71,1
DA:74,3
DA:77,3
DA:78,1
DA:79,1
DA:82,3
DA:85,3
DA:86,1
DA:89,3
DA:93,3
DA:97,1
LF:42
LH:42
BRDA:9,0,0,1
BRDA:9,0,1,3
BRDA:13,1,0,3
BRDA:13,1,1,0
BRDA:17,2,0,3
BRDA:17,2,1,3
BRDA:17,2,2,3
BRDA:17,2,3,3
BRDA:17,2,4,3
BRDA:17,2,5,3
BRDA:17,2,6,3
BRDA:17,2,7,3
BRDA:19,3,0,1
BRDA:19,3,1,2
BRDA:19,4,0,3
BRDA:19,4,1,2
BRDA:26,5,0,1
BRDA:26,5,1,2
BRDA:30,6,0,1
BRDA:30,6,1,1
BRDA:38,7,0,1
BRDA:38,7,1,2
BRDA:41,8,0,1
BRDA:41,8,1,1
BRDA:48,9,0,2
BRDA:48,9,1,1
BRDA:49,10,0,1
BRDA:49,10,1,1
BRDA:59,11,0,2
BRDA:59,11,1,1
BRDA:60,12,0,1
BRDA:60,12,1,1
BRDA:67,13,0,1
BRDA:67,13,1,2
BRDA:70,14,0,1
BRDA:70,14,1,1
BRDA:77,15,0,1
BRDA:77,15,1,2
BRDA:78,16,0,1
BRDA:78,16,1,0
BRDA:85,17,0,1
BRDA:85,17,1,2
BRF:42
BRH:40
end_of_record
TN:
SF:src\Person.js
FN:2,(anonymous_0)
FNF:1
FNH:1
FNDA:7,(anonymous_0)
DA:3,7
DA:4,7
DA:7,3
LF:3
LH:3
BRF:0
BRH:0
end_of_record
